<?xml version="1.0" encoding="UTF-8"?>
<!-- Generated by org.testng.reporters.JUnitXMLReporter -->
<testsuite ignored="0" hostname="LAPTOP-5UPL97SO" failures="1" tests="3" name="Default test(failed)(failed)(failed)(failed)(failed)(failed)" time="0.103" errors="0" timestamp="2022-11-02T08:31:39 IST">
  <testcase classname="keywords_testng.dependson_methods" name="login2" time="0.013">
    <failure type="java.lang.AssertionError" message="null">
      <![CDATA[java.lang.AssertionError: null
at keywords_testng.dependson_methods.login2(dependson_methods.java:14)
at java.base/java.util.ArrayList.forEach(ArrayList.java:1511)
... Removed 29 stack frames]]>
    </failure>
  </testcase> <!-- login2 -->
  <testcase classname="keywords_testng.dependson_methods" name="login1" time="0.007"/>
  <testcase classname="keywords_testng.dependson_methods" name="logout" time="0.0">
    <skipped/>
  </testcase> <!-- logout -->
</testsuite> <!-- Default test(failed)(failed)(failed)(failed)(failed)(failed) -->
